1711344907551	geckodriver	INFO	Listening on 127.0.0.1:53010
1711344910526	mozrunner::runner	INFO	Running command: "C:\\Program Files (x86)\\Mozilla Firefox\\firefox.exe" "--marionette" "-foreground" "-no-remote" "-profile" "C:\\Users\\Arthurli\\AppData\\Local\\Temp\\rust_mozprofilelQ8liZ"
console.warn: services.settings: Ignoring preference override of remote settings server
console.warn: services.settings: Allow by setting MOZ_REMOTE_SETTINGS_DEVTOOLS=1 in the environment
1711344912999	Marionette	INFO	Marionette enabled
Dynamically enable window occlusion 0
console.error: "Warning: unrecognized command line flag" "-foreground"
1711344913457	Marionette	INFO	Listening on port 53030
1711344914495	RemoteAgent	WARN	TLS certificate errors will be ignored for this session
1711344943047	addons.xpi	ERROR	System addon update list error SyntaxError: XMLHttpRequest.open: 'http://%(server)s/dummy-system-addons.xml' is not a valid URL.
1711345400849	Marionette	INFO	Stopped listening on port 53030
Dynamically enable window occlusion 1
ng command: "C:\\Program Files (x86)\\Mozilla Firefox\\firefox.exe" "--marionette" "-foreground" "-no-remote" "-profile" "C:\\Users\\Arthurli\\AppData\\Local\\Temp\\rust_mozprofile07TPj3"
console.warn: services.settings: Ignoring preference override of remote settings server
console.warn: services.settings: Allow by setting MOZ_REMOTE_SETTINGS_DEVTOOLS=1 in the environment
1711345196119	Marionette	INFO	Marionette enabled
Dynamically enable window occlusion 0
console.error: "Warning: unrecognized command line flag" "-foreground"
1711345196408	Marionette	INFO	Listening on port 53178
1711345196619	RemoteAgent	WARN	TLS certificate errors will be ignored for this session
1711345229342	addons.xpi	ERROR	System addon update list error SyntaxError: XMLHttpRequest.open: 'http://%(server)s/dummy-system-addons.xml' is not a valid URL.
1711345279968	geckodriver	INFO	Listening on 127.0.0.1:53254
1711345282973	mozrunner::runner	INFO	Running command: "C:\\Program Files (x86)\\Mozilla Firefox\\firefox.exe" "--marionette" "-foreground" "-no-remote" "-profile" "C:\\Users\\Arthurli\\AppData\\Local\\Temp\\rust_mozprofile5vTdrf"
console.warn: services.settings: Ignoring preference override of remote settings server
console.warn: services.settings: Allow by setting MOZ_REMOTE_SETTINGS_DEVTOOLS=1 in the environment
1711345284329	Marionette	INFO	Marionette enabled
Dynamically enable window occlusion 0
console.error: "Warning: unrecognized command line flag" "-foreground"
1711345284529	Marionette	INFO	Listening on port 53264
1711345284655	RemoteAgent	WARN	TLS certificate errors will be ignored for this session
console.error: (new TypeError("this._searchProviderInfo is null", "resource:///modules/SearchSERPTelemetry.sys.mjs", 743))
1711345307565	Marionette	INFO	Stopped listening on port 53264
Dynamically enable window occlusion 1
1711345312402	geckodriver	INFO	Listening on 127.0.0.1:53305
1711345315412	mozrunner::runner	INFO	Running command: "C:\\Program Files (x86)\\Mozilla Firefox\\firefox.exe" "--marionette" "-foreground" "-no-remote" "-profile" "C:\\Users\\Arthurli\\AppData\\Local\\Temp\\rust_mozprofilelDyq0L"
console.warn: services.settings: Ignoring preference override of remote settings server
console.warn: services.settings: Allow by setting MOZ_REMOTE_SETTINGS_DEVTOOLS=1 in the environment
1711345317407	Marionette	INFO	Marionette enabled
Dynamically enable window occlusion 0
console.error: "Warning: unrecognized command line flag" "-foreground"
1711345317622	Marionette	INFO	Listening on port 53324
1711345319512	RemoteAgent	WARN	TLS certificate errors will be ignored for this session
1711345335299	Marionette	INFO	Stopped listening on port 53324
Dynamically enable window occlusion 1
1711345342513	geckodriver	INFO	Listening on 127.0.0.1:53384
1711345345545	mozrunner::runner	INFO	Running command: "C:\\Program Files (x86)\\Mozilla Firefox\\firefox.exe" "--marionette" "-foreground" "-no-remote" "-profile" "C:\\Users\\Arthurli\\AppData\\Local\\Temp\\rust_mozprofile0YqxEW"
console.warn: services.settings: Ignoring preference override of remote settings server
console.warn: services.settings: Allow by setting MOZ_REMOTE_SETTINGS_DEVTOOLS=1 in the environment
1711345347207	Marionette	INFO	Marionette enabled
Dynamically enable window occlusion 0
console.error: "Warning: unrecognized command line flag" "-foreground"
1711345347492	Marionette	INFO	Listening on port 53406
1711345348473	RemoteAgent	WARN	TLS certificate errors will be ignored for this session
1711345358595	Marionette	INFO	Stopped listening on port 53406
Dynamically enable window occlusion 1
console.error: "Could not load engine google@search.mozilla.org: Error: XPIProvider can't start bootstrap scope for google@search.mozilla.org after shutdown was already granted"
console.error: "Could not load engine readmoo@search.mozilla.org: Error: XPIProvider can't start bootstrap scope for readmoo@search.mozilla.org after shutdown was already granted"
console.error: (new TypeError("NetworkError: Network request failed", "resource://services-settings/Utils.sys.mjs", 236))
console.error: "Could not load engine wikipedia@search.mozilla.org: Error: XPIProvider can't start bootstrap scope for wikipedia@search.mozilla.org after shutdown was already granted"
JavaScript error: chrome://remote/content/marionette/cert.sys.mjs, line 51: NS_ERROR_NOT_AVAILABLE: Component returned failure code: 0x80040111 (NS_ERROR_NOT_AVAILABLE) [nsICertOverrideService.setDisableAllSecurityChecksAndLetAttackersInterceptMyData]
console.error: "Could not load engine ddg@search.mozilla.org: Error: XPIProvider can't start bootstrap scope for ddg@search.mozilla.org after shutdown was already granted"
console.error: SearchService: "Could not find a replacement default engine."
console.error: WebExtensions: 
  Message: [Exception... "#init: abandoning init due to shutting down"  nsresult: "0x80004004 (NS_ERROR_ABORT)"  location: "JS frame :: resource://gre/modules/SearchService.sys.mjs :: #init :: line 1401"  data: no]
  Stack:
    #init@resource://gre/modules/SearchService.sys.mjs:1401:27

JavaScript error: resource://gre/modules/SearchService.sys.mjs, line 1401: NS_ERROR_ABORT: #init: abandoning init due to shutting down
JavaScript error: resource://gre/modules/SearchService.sys.mjs, line 1401: NS_ERROR_ABORT: #init: abandoning init due to shutting down
JavaScript error: resource://gre/modules/SearchService.sys.mjs, line 1401: NS_ERROR_ABORT: #init: abandoning init due to shutting down
console.error: (new TypeError("NetworkError: Network request failed", "resource://services-settings/Utils.sys.mjs", 236))
console.error: (new TypeError("NetworkError: Network request failed", "resource://services-settings/Utils.sys.mjs", 236))
JavaScript error: resource://gre/modules/SearchService.sys.mjs, line 1279: Error: SearchService failed while it was initializing.
JavaScript error: resource://activity-stream/lib/TopSitesFeed.jsm, line 151: NS_ERROR_XPC_JAVASCRIPT_ERROR_WITH_DETAILS: [JavaScript Error: "SearchService failed while it was initializing." {file: "resource://gre/modules/SearchService.sys.mjs" line: 1279}]'[JavaScript Error: "SearchService failed while it was initializing." {file: "resource://gre/modules/SearchService.sys.mjs" line: 1279}]' when calling method: [nsISearchService::defaultEngine]
console.error: SearchSettings: "_write: Could not write to settings file:" (new Error("cannot write without any engine.", "resource://gre/modules/SearchSettings.sys.mjs", 277))
1711346275445	geckodriver	INFO	Listening on 127.0.0.1:54039
1711346278505	mozrunner::runner	INFO	Running command: "C:\\Program Files (x86)\\Mozilla Firefox\\firefox.exe" "--marionette" "-foreground" "-no-remote" "-profile" "C:\\Users\\Arthurli\\AppData\\Local\\Temp\\rust_mozprofilelLia5H"
console.warn: services.settings: Ignoring preference override of remote settings server
console.warn: services.settings: Allow by setting MOZ_REMOTE_SETTINGS_DEVTOOLS=1 in the environment
1711346279776	Marionette	INFO	Marionette enabled
Dynamically enable window occlusion 0
console.error: "Warning: unrecognized command line flag" "-foreground"
1711346279994	Marionette	INFO	Listening on port 54051
1711346280836	RemoteAgent	WARN	TLS certificate errors will be ignored for this session
1711346296449	Marionette	INFO	Stopped listening on port 54051
Dynamically enable window occlusion 1
1711346300437	geckodriver	INFO	Listening on 127.0.0.1:54098
1711346647517	geckodriver	INFO	Listening on 127.0.0.1:54333
1711346650510	mozrunner::runner	INFO	Running command: "C:\\Program Files (x86)\\Mozilla Firefox\\firefox.exe" "--marionette" "-foreground" "-no-remote" "-profile" "C:\\Users\\Arthurli\\AppData\\Local\\Temp\\rust_mozprofilenLb27Q"
console.warn: services.settings: Ignoring preference override of remote settings server
console.warn: services.settings: Allow by setting MOZ_REMOTE_SETTINGS_DEVTOOLS=1 in the environment
1711346651437	Marionette	INFO	Marionette enabled
Dynamically enable window occlusion 0
console.error: "Warning: unrecognized command line flag" "-foreground"
1711346651611	Marionette	INFO	Listening on port 54344
1711346651732	RemoteAgent	WARN	TLS certificate errors will be ignored for this session
1711346683435	addons.xpi	ERROR	System addon update list error SyntaxError: XMLHttpRequest.open: 'http://%(server)s/dummy-system-addons.xml' is not a valid URL.
1711346994542	Marionette	INFO	Stopped listening on port 54344
Dynamically enable window occlusion 1
JavaScript error: chrome://remote/content/marionette/cert.sys.mjs, line 51: NS_ERROR_NOT_AVAILABLE: Component returned failure code: 0x80040111 (NS_ERROR_NOT_AVAILABLE) [nsICertOverrideService.setDisableAllSecurityChecksAndLetAttackersInterceptMyData]
remote settings server
console.warn: services.settings: Allow by setting MOZ_REMOTE_SETTINGS_DEVTOOLS=1 in the environment
1711346920020	Marionette	INFO	Marionette enabled
Dynamically enable window occlusion 0
console.error: "Warning: unrecognized command line flag" "-foreground"
1711346920211	Marionette	INFO	Listening on port 54659
1711346920695	RemoteAgent	WARN	TLS certificate errors will be ignored for this session
1711346950129	addons.xpi	ERROR	System addon update list error SyntaxError: XMLHttpRequest.open: 'http://%(server)s/dummy-system-addons.xml' is not a valid URL.
1711346993692	Marionette	INFO	Stopped listening on port 54659
Dynamically enable window occlusion 1
JavaScript error: chrome://remote/content/marionette/cert.sys.mjs, line 51: NS_ERROR_NOT_AVAILABLE: Component returned failure code: 0x80040111 (NS_ERROR_NOT_AVAILABLE) [nsICertOverrideService.setDisableAllSecurityChecksAndLetAttackersInterceptMyData]
1711347240125	geckodriver	INFO	Listening on 127.0.0.1:54806
1711347243189	mozrunner::runner	INFO	Running command: "C:\\Program Files (x86)\\Mozilla Firefox\\firefox.exe" "--marionette" "-foreground" "-no-remote" "-profile" "C:\\Users\\Arthurli\\AppData\\Local\\Temp\\rust_mozprofilePOO9u4"
console.warn: services.settings: Ignoring preference override of remote settings server
console.warn: services.settings: Allow by setting MOZ_REMOTE_SETTINGS_DEVTOOLS=1 in the environment
1711347244574	Marionette	INFO	Marionette enabled
Dynamically enable window occlusion 0
console.error: "Warning: unrecognized command line flag" "-foreground"
1711347244747	Marionette	INFO	Listening on port 54814
1711347244872	RemoteAgent	WARN	TLS certificate errors will be ignored for this session
1711347262727	Marionette	INFO	Stopped listening on port 54814
Dynamically enable window occlusion 1
JavaScript error: chrome://remote/content/marionette/cert.sys.mjs, line 51: NS_ERROR_NOT_AVAILABLE: Component returned failure code: 0x80040111 (NS_ERROR_NOT_AVAILABLE) [nsICertOverrideService.setDisableAllSecurityChecksAndLetAttackersInterceptMyData]
1711347375996	geckodriver	INFO	Listening on 127.0.0.1:54887
1711347378956	mozrunner::runner	INFO	Running command: "C:\\Program Files (x86)\\Mozilla Firefox\\firefox.exe" "--marionette" "-foreground" "-no-remote" "-profile" "C:\\Users\\Arthurli\\AppData\\Local\\Temp\\rust_mozprofileWrK96S"
console.warn: services.settings: Ignoring preference override of remote settings server
console.warn: services.settings: Allow by setting MOZ_REMOTE_SETTINGS_DEVTOOLS=1 in the environment
1711347379807	Marionette	INFO	Marionette enabled
Dynamically enable window occlusion 0
console.error: "Warning: unrecognized command line flag" "-foreground"
1711347379981	Marionette	INFO	Listening on port 54899
1711347380224	RemoteAgent	WARN	TLS certificate errors will be ignored for this session
1711347395991	Marionette	INFO	Stopped listening on port 54899
Dynamically enable window occlusion 1
JavaScript error: chrome://remote/content/marionette/cert.sys.mjs, line 51: NS_ERROR_NOT_AVAILABLE: Component returned failure code: 0x80040111 (NS_ERROR_NOT_AVAILABLE) [nsICertOverrideService.setDisableAllSecurityChecksAndLetAttackersInterceptMyData]
